2026-07-06 tornado
2026-07-06 박유천
2026-07-06 ap
2026-07-06 임창정
2026-07-07 장금상선
2026-07-07 brewers-vs-cardinals
2026-07-07 유성구
2026-07-07 잠수함-발사-탄도-미사일
2026-07-07 twitch
2026-07-07 프로포폴
2026-07-07 김효주
2026-07-07 thibaut-courtois
2026-07-07 보잉-f-47
2026-07-07 미국-대-벨기에
2026-07-07 jorge-jesus
2026-07-07 usa-vs-belgium
2026-07-07 골프
2026-07-07 alex-morgan
2026-07-07 재테크
2026-07-08 paddy-pimblett
2026-07-09 휴머노이드-로봇
2026-07-09 don-mattingly
2026-07-09 레버리지
2026-07-09 김혜경
2026-07-09 météo-demain
2026-07-09 산사태
2026-07-10 fidji-simo
2026-07-11 김민지
2026-07-11 fetterman-mccormick-joint-fundraising-co
2026-07-11 미미미누
2026-07-12 норвегия-англия
2026-07-12 magnus-carlsen
2026-07-12 고우석
2026-07-13 하비에르-아기레
2026-07-13 aaron-wise
2026-07-13 조상우
2026-07-14 가족관계증명서
2026-07-14 plane-crash
2026-07-14 weather
2026-07-15 chris-sale
2026-07-15 송도동
2026-07-15 skhy
2026-07-16 개
2026-07-16 kbo-리그
2026-07-16 삼성-갤럭시-z-시리즈
2026-07-17 thời-tiết
2026-07-17 iphone-18-pro-apple-leaks
2026-07-17 สภาพอากาศ
2026-07-18 天気
2026-07-18 storm-vs-fever
2026-07-18 부산날씨
2026-07-19 음바페
2026-07-19 nyc-flash-flooding
2026-07-19 이영표
2026-07-20 부산-날씨
2026-07-20 sun-vs-mercury
2026-07-20 파리-생제르맹-fc
